2025-05-01 21:17:22,295 - INFO - Arquivo de configuração não encontrado. Criando novo arquivo.
2025-05-01 21:17:22,298 - INFO - Configuração salva com sucesso.
2025-05-05 18:35:10,145 - INFO - Arquivo de configuração carregado com sucesso.
2025-05-05 18:51:41,138 - INFO - Arquivo de configuração carregado com sucesso.
2025-05-05 18:51:41,138 - INFO - Criada seção IMAP_PRIMARY a partir de IMAP_getconexoes@gmail.com
2025-05-05 18:51:41,139 - INFO - Configuração salva com sucesso.
2025-05-05 18:51:49,297 - INFO - Notificação enviada com sucesso para chat_id 1395823978
2025-05-05 18:51:50,597 - INFO - Notificação enviada com sucesso para chat_id 1395823978
2025-05-05 18:51:51,880 - INFO - Notificação enviada com sucesso para chat_id 1395823978
2025-05-05 18:51:53,177 - INFO - Notificação enviada com sucesso para chat_id 1395823978
2025-05-05 18:54:16,272 - INFO - Notificação enviada com sucesso para chat_id 1395823978
2025-05-05 18:54:17,598 - INFO - Notificação enviada com sucesso para chat_id 1395823978
2025-05-05 18:54:18,923 - INFO - Notificação enviada com sucesso para chat_id 1395823978
2025-05-05 18:54:20,223 - INFO - Notificação enviada com sucesso para chat_id 1395823978
2025-05-05 18:54:21,478 - INFO - Notificação enviada com sucesso para chat_id 1395823978
2025-05-05 18:54:22,744 - INFO - Notificação enviada com sucesso para chat_id 1395823978
2025-05-05 18:54:24,066 - INFO - Notificação enviada com sucesso para chat_id 1395823978
2025-05-05 18:54:25,346 - INFO - Notificação enviada com sucesso para chat_id 1395823978
2025-05-05 18:54:26,639 - INFO - Notificação enviada com sucesso para chat_id 1395823978
2025-05-05 18:56:56,526 - INFO - Notificação enviada com sucesso para chat_id 1395823978
2025-05-05 18:56:57,850 - INFO - Notificação enviada com sucesso para chat_id 1395823978
2025-05-05 18:56:59,122 - INFO - Notificação enviada com sucesso para chat_id 1395823978
2025-05-05 18:57:00,534 - INFO - Notificação enviada com sucesso para chat_id 1395823978
